<?xml version="1.0" encoding="UTF-8"?>
<testng-results ignored="0" total="1" passed="1" failed="0" skipped="0">
  <reporter-output>
  </reporter-output>
  <suite started-at="2022-06-20T16:57:20 PDT" name="Surefire suite" finished-at="2022-06-20T16:57:39 PDT" duration-ms="18567">
    <groups>
    </groups>
    <test started-at="2022-06-20T16:57:20 PDT" name="Surefire test" finished-at="2022-06-20T16:57:39 PDT" duration-ms="18567">
      <class name="registrationLogin.Registration_LoginTest">
        <test-method is-config="true" signature="start()[pri:0, instance:registrationLogin.Registration_LoginTest@c88a337]" started-at="2022-06-20T16:57:20 PDT" name="start" finished-at="2022-06-20T16:57:38 PDT" duration-ms="17595" status="PASS">
          <reporter-output>
          </reporter-output>
        </test-method> <!-- start -->
        <test-method signature="testRegistrationSuccessful()[pri:0, instance:registrationLogin.Registration_LoginTest@c88a337]" started-at="2022-06-20T16:57:38 PDT" name="testRegistrationSuccessful" finished-at="2022-06-20T16:57:38 PDT" duration-ms="331" status="PASS">
          <reporter-output>
          </reporter-output>
        </test-method> <!-- testRegistrationSuccessful -->
        <test-method is-config="true" signature="tearDown()[pri:0, instance:registrationLogin.Registration_LoginTest@c88a337]" started-at="2022-06-20T16:57:38 PDT" name="tearDown" finished-at="2022-06-20T16:57:39 PDT" duration-ms="487" status="PASS">
          <reporter-output>
          </reporter-output>
        </test-method> <!-- tearDown -->
      </class> <!-- registrationLogin.Registration_LoginTest -->
    </test> <!-- Surefire test -->
  </suite> <!-- Surefire suite -->
</testng-results>
